[0.015s] Invoking command in '/home/atharva/Atharva/NCSU/SFRT/SoftwareForRoboticsProject/slam_ws/build/slam_toolbox': CMAKE_PREFIX_PATH=${CMAKE_PREFIX_PATH}:/opt/ros/foxy CONDA_PROMPT_MODIFIER=(rosEnvClone) /usr/bin/cmake /home/atharva/Atharva/NCSU/SFRT/SoftwareForRoboticsProject/slam_ws/src/slam_toolbox -DCMAKE_INSTALL_PREFIX=/home/atharva/Atharva/NCSU/SFRT/SoftwareForRoboticsProject/slam_ws/install/slam_toolbox
[0.028s] -- Found ament_cmake: 0.9.11 (/opt/ros/foxy/share/ament_cmake/cmake)
[0.049s] -- Found PythonInterp: /home/atharva/anaconda3/envs/rosEnvClone/bin/python3 (found suitable version "3.8.13", minimum required is "3") 
[0.049s] -- Using PYTHON_EXECUTABLE: /home/atharva/anaconda3/envs/rosEnvClone/bin/python3
[0.166s] -- Found message_filters: 3.2.5 (/opt/ros/foxy/share/message_filters/cmake)
[0.168s] -- Found nav_msgs: 2.0.5 (/opt/ros/foxy/share/nav_msgs/cmake)
[0.184s] -- Using all available rosidl_typesupport_c: rosidl_typesupport_fastrtps_c;rosidl_typesupport_introspection_c
[0.186s] -- Found rosidl_adapter: 1.3.0 (/opt/ros/foxy/share/rosidl_adapter/cmake)
[0.284s] -- Using all available rosidl_typesupport_cpp: rosidl_typesupport_fastrtps_cpp;rosidl_typesupport_introspection_cpp
[0.400s] -- Found rclcpp: 2.4.2 (/opt/ros/foxy/share/rclcpp/cmake)
[0.437s] -- Found rmw_implementation_cmake: 1.0.4 (/opt/ros/foxy/share/rmw_implementation_cmake/cmake)
[0.439s] -- Using RMW implementation 'rmw_fastrtps_cpp' as default
[0.541s] -- Found sensor_msgs: 2.0.5 (/opt/ros/foxy/share/sensor_msgs/cmake)
[0.593s] -- Found tf2: 0.13.14 (/opt/ros/foxy/share/tf2/cmake)
[0.600s] -- Found tf2_ros: 0.13.14 (/opt/ros/foxy/share/tf2_ros/cmake)
[0.839s] -- Found visualization_msgs: 2.0.5 (/opt/ros/foxy/share/visualization_msgs/cmake)
[0.892s] -- Found pluginlib: 2.5.4 (/opt/ros/foxy/share/pluginlib/cmake)
[0.904s] -- Found tf2_geometry_msgs: 0.13.14 (/opt/ros/foxy/share/tf2_geometry_msgs/cmake)
[0.909s] -- Found eigen3_cmake_module: 0.1.1 (/opt/ros/foxy/share/eigen3_cmake_module/cmake)
[0.929s] -- Found tf2_sensor_msgs: 0.13.14 (/opt/ros/foxy/share/tf2_sensor_msgs/cmake)
[0.941s] -- Found std_srvs: 2.0.5 (/opt/ros/foxy/share/std_srvs/cmake)
[0.948s] -- Found rosidl_default_generators: 1.0.1 (/opt/ros/foxy/share/rosidl_default_generators/cmake)
[0.955s] -- Found nav2_map_server: 0.4.7 (/opt/ros/foxy/share/nav2_map_server/cmake)
[0.956s] -- Found rviz_common: 8.2.8 (/opt/ros/foxy/share/rviz_common/cmake)
[0.967s] -- Setting OGRE_DIR to: '/opt/ros/foxy/share/rviz_ogre_vendor/cmake/../../../opt/rviz_ogre_vendor/lib/OGRE/cmake'
[0.968s] -- Found OGRE
[0.968s] --   static     : OFF
[0.969s] --   components : HLMS;MeshLodGenerator;Overlay;Paging;Property;RTShaderSystem;Terrain;Volume
[0.969s] --   plugins    : Plugin_BSPSceneManager;Plugin_OctreeSceneManager;Plugin_PCZSceneManager;Plugin_ParticleFX;RenderSystem_GL;RenderSystem_GL3Plus;Codec_STBI
[0.969s] --   media      : /opt/ros/foxy/opt/rviz_ogre_vendor/share/OGRE/Media
[0.969s] -- OGRE_LIBRARIES: OgreHLMS;OgreMeshLodGenerator;OgreOverlay;OgrePaging;OgreProperty;OgreRTShaderSystem;OgreTerrain;OgreVolume;OgreMain
[0.969s] -- OGRE_LIBRARY_DIRS: /opt/ros/foxy/opt/rviz_ogre_vendor/lib
[0.969s] -- OGRE_PLUGINS: Plugin_BSPSceneManager;Plugin_OctreeSceneManager;Plugin_PCZSceneManager;Plugin_ParticleFX;RenderSystem_GL;RenderSystem_GL3Plus;Codec_STBI
[0.969s] -- OGRE_PLUGIN_DIR: /opt/ros/foxy/opt/rviz_ogre_vendor/lib/OGRE
[0.969s] -- rviz_ogre_vendor::OgreOverlay for IMPORTED_LOCATION_RELEASE: /opt/ros/foxy/opt/rviz_ogre_vendor/lib/libOgreOverlay.so
[0.969s] -- rviz_ogre_vendor::OgreOverlay for IMPORTED_LOCATION_DEBUG: /opt/ros/foxy/opt/rviz_ogre_vendor/lib/libOgreOverlay.so
[0.969s] -- rviz_ogre_vendor::OgreMain for IMPORTED_LOCATION_RELEASE: /opt/ros/foxy/opt/rviz_ogre_vendor/lib/libOgreMain.so
[0.969s] -- rviz_ogre_vendor::OgreMain for IMPORTED_LOCATION_DEBUG: /opt/ros/foxy/opt/rviz_ogre_vendor/lib/libOgreMain.so
[1.000s] -- rviz_ogre_vendor::RenderSystem_GL for IMPORTED_LOCATION_RELEASE: _render_system_gl_static_library_abs-NOTFOUND
[1.001s] -- rviz_ogre_vendor::RenderSystem_GL for IMPORTED_LOCATION_DEBUG: _render_system_gl_static_library_abs-NOTFOUND
[1.002s] -- library: libassimp.so.5
[1.020s] -- library: /usr/lib/x86_64-linux-gnu/libcurl.so
[1.073s] -- Setting yaml-cpp_DIR to: '/opt/ros/foxy/share/yaml_cpp_vendor/cmake/../../../opt/yaml_cpp_vendor/lib/cmake/yaml-cpp'
[1.075s] -- Found rviz_default_plugins: 8.2.8 (/opt/ros/foxy/share/rviz_default_plugins/cmake)
[1.457s] -- A library with LAPACK API found.
[1.458s] -- Found installed version of Eigen: /usr/lib/cmake/eigen3
[1.459s] -- Found required Ceres dependency: Eigen version 3.3.7 in /usr/include/eigen3
[1.460s] -- Found required Ceres dependency: glog
[1.462s] -- Found installed version of gflags: /usr/lib/x86_64-linux-gnu/cmake/gflags
[1.462s] -- Detected gflags version: 2.2.2
[1.462s] -- Found required Ceres dependency: gflags
[1.463s] -- Found Ceres version: 1.14.0 installed in: /usr with components: [EigenSparse, SparseLinearAlgebraLibrary, LAPACK, SuiteSparse, CXSparse, SchurSpecializations, OpenMP, Multithreading]
[1.495s] -- Found PythonInterp: /home/atharva/anaconda3/envs/rosEnvClone/bin/python3 (found version "3.8.13") 
[1.531s] CMake Error at /opt/ros/foxy/share/rosidl_adapter/cmake/rosidl_adapt_interfaces.cmake:60 (message):
[1.531s]   execute_process(/home/atharva/anaconda3/envs/rosEnvClone/bin/python3 -m
[1.531s]   rosidl_adapter --package-name slam_toolbox --arguments-file
[1.531s]   /home/atharva/Atharva/NCSU/SFRT/SoftwareForRoboticsProject/slam_ws/build/slam_toolbox/rosidl_adapter__arguments__slam_toolbox.json
[1.531s]   --output-dir
[1.531s]   /home/atharva/Atharva/NCSU/SFRT/SoftwareForRoboticsProject/slam_ws/build/slam_toolbox/rosidl_adapter/slam_toolbox
[1.531s]   --output-file
[1.531s]   /home/atharva/Atharva/NCSU/SFRT/SoftwareForRoboticsProject/slam_ws/build/slam_toolbox/rosidl_adapter/slam_toolbox.idls)
[1.531s]   returned error code 1:
[1.532s] 
[1.532s]   AttributeError processing template 'srv.idl.em'
[1.532s] 
[1.532s]   Traceback (most recent call last):
[1.532s] 
[1.532s]     File "/opt/ros/foxy/lib/python3.8/site-packages/rosidl_adapter/resource/__init__.py", line 48, in evaluate_template
[1.532s]       _interpreter = em.Interpreter(
[1.532s] 
[1.532s]   AttributeError: module 'em' has no attribute 'Interpreter'
[1.532s] 
[1.532s]   
[1.532s] 
[1.532s]   During handling of the above exception, another exception occurred:
[1.532s] 
[1.532s]   
[1.532s] 
[1.532s]   Traceback (most recent call last):
[1.532s] 
[1.533s]     File "/home/atharva/anaconda3/envs/rosEnvClone/lib/python3.8/runpy.py", line 194, in _run_module_as_main
[1.533s]       return _run_code(code, main_globals, None,
[1.533s]     File "/home/atharva/anaconda3/envs/rosEnvClone/lib/python3.8/runpy.py", line 87, in _run_code
[1.533s]       exec(code, run_globals)
[1.533s]     File "/opt/ros/foxy/lib/python3.8/site-packages/rosidl_adapter/__main__.py", line 19, in <module>
[1.533s]       sys.exit(main())
[1.533s]     File "/opt/ros/foxy/lib/python3.8/site-packages/rosidl_adapter/main.py", line 53, in main
[1.533s]       abs_idl_file = convert_to_idl(
[1.533s]     File "/opt/ros/foxy/lib/python3.8/site-packages/rosidl_adapter/__init__.py", line 24, in convert_to_idl
[1.533s]       return convert_srv_to_idl(
[1.533s]     File "/opt/ros/foxy/lib/python3.8/site-packages/rosidl_adapter/srv/__init__.py", line 39, in convert_srv_to_idl
[1.533s]       expand_template('srv.idl.em', data, output_file, encoding='iso-8859-1')
[1.533s]     File "/opt/ros/foxy/lib/python3.8/site-packages/rosidl_adapter/resource/__init__.py", line 23, in expand_template
[1.533s]       content = evaluate_template(template_name, data)
[1.533s]     File "/opt/ros/foxy/lib/python3.8/site-packages/rosidl_adapter/resource/__init__.py", line 69, in evaluate_template
[1.533s]       _interpreter.shutdown()
[1.533s] 
[1.533s]   AttributeError: 'NoneType' object has no attribute 'shutdown'
[1.534s] 
[1.534s] Call Stack (most recent call first):
[1.534s]   /opt/ros/foxy/share/rosidl_cmake/cmake/rosidl_generate_interfaces.cmake:130 (rosidl_adapt_interfaces)
[1.534s]   CMakeLists.txt:96 (rosidl_generate_interfaces)
[1.534s] 
[1.534s] 
[1.534s] -- Configuring incomplete, errors occurred!
[1.534s] See also "/home/atharva/Atharva/NCSU/SFRT/SoftwareForRoboticsProject/slam_ws/build/slam_toolbox/CMakeFiles/CMakeOutput.log".
[1.534s] See also "/home/atharva/Atharva/NCSU/SFRT/SoftwareForRoboticsProject/slam_ws/build/slam_toolbox/CMakeFiles/CMakeError.log".
[1.544s] Invoked command in '/home/atharva/Atharva/NCSU/SFRT/SoftwareForRoboticsProject/slam_ws/build/slam_toolbox' returned '1': CMAKE_PREFIX_PATH=${CMAKE_PREFIX_PATH}:/opt/ros/foxy CONDA_PROMPT_MODIFIER=(rosEnvClone) /usr/bin/cmake /home/atharva/Atharva/NCSU/SFRT/SoftwareForRoboticsProject/slam_ws/src/slam_toolbox -DCMAKE_INSTALL_PREFIX=/home/atharva/Atharva/NCSU/SFRT/SoftwareForRoboticsProject/slam_ws/install/slam_toolbox
