[0.000000] (-) TimerEvent: {}
[0.000362] (slam_toolbox) JobQueued: {'identifier': 'slam_toolbox', 'dependencies': OrderedDict()}
[0.000936] (slam_toolbox) JobStarted: {'identifier': 'slam_toolbox'}
[0.010984] (slam_toolbox) JobProgress: {'identifier': 'slam_toolbox', 'progress': 'cmake'}
[0.011549] (slam_toolbox) Command: {'cmd': ['/usr/bin/cmake', '/home/atharva/Atharva/NCSU/SFRT/SoftwareForRoboticsProject/slam_ws/src/slam_toolbox', '-DCMAKE_INSTALL_PREFIX=/home/atharva/Atharva/NCSU/SFRT/SoftwareForRoboticsProject/slam_ws/install/slam_toolbox'], 'cwd': '/home/atharva/Atharva/NCSU/SFRT/SoftwareForRoboticsProject/slam_ws/build/slam_toolbox', 'env': OrderedDict([('LESSOPEN', '| /usr/bin/lesspipe %s'), ('CONDA_PROMPT_MODIFIER', '(rosEnvClone)'), ('USER', 'atharva'), ('SSH_AGENT_PID', '2270'), ('XDG_SESSION_TYPE', 'x11'), ('SHLVL', '1'), ('LD_LIBRARY_PATH', '/home/atharva/Atharva/NCSU/SFRT/SoftwareForRoboticsProject/jackal_ws/install/zed_components/lib:/home/atharva/Atharva/NCSU/SFRT/SoftwareForRoboticsProject/jackal_ws/install/zed_interfaces/lib:/home/atharva/Atharva/NCSU/SFRT/SoftwareForRoboticsProject/jackal_ws/install/jackal_msgs/lib:/home/atharva/Atharva/NCSU/SFRT/SoftwareForRoboticsProject/jackal_ws/install/dwb_msgs/lib:/usr/lib/x86_64-linux-gnu/gazebo-11/plugins:/opt/ros/foxy/opt/yaml_cpp_vendor/lib:/opt/ros/foxy/opt/rviz_ogre_vendor/lib:/opt/ros/foxy/lib/x86_64-linux-gnu:/opt/ros/foxy/lib'), ('HOME', '/home/atharva'), ('CONDA_SHLVL', '2'), ('DESKTOP_SESSION', 'ubuntu'), ('ROS_PYTHON_VERSION', '3'), ('GNOME_SHELL_SESSION_MODE', 'ubuntu'), ('GTK_MODULES', 'gail:atk-bridge'), ('MANAGERPID', '2024'), ('DBUS_STARTER_BUS_TYPE', 'session'), ('DBUS_SESSION_BUS_ADDRESS', 'unix:path=/run/user/1000/bus,guid=643b27bca6a24069981518d06439df4c'), ('COLORTERM', 'truecolor'), ('_CE_M', ''), ('IM_CONFIG_PHASE', '1'), ('COLCON_PREFIX_PATH', '/home/atharva/Atharva/NCSU/SFRT/SoftwareForRoboticsProject/slam_ws/install:/home/atharva/Atharva/NCSU/SFRT/SoftwareForRoboticsProject/jackal_ws/install'), ('ROS_DISTRO', 'foxy'), ('LOGNAME', 'atharva'), ('JOURNAL_STREAM', '8:56227'), ('_', '/usr/bin/colcon'), ('ROS_VERSION', '2'), ('XDG_SESSION_CLASS', 'user'), ('USERNAME', 'atharva'), ('TERM', 'xterm-256color'), ('GNOME_DESKTOP_SESSION_ID', 'this-is-deprecated'), ('_CE_CONDA', ''), ('ROS_LOCALHOST_ONLY', '0'), ('WINDOWPATH', '2'), ('PATH', '/home/atharva/Atharva/NCSU/SFRT/SoftwareForRoboticsProject/jackal_ws/install/jackal_gazebo/bin:/home/atharva/anaconda3/envs/rosEnvClone/bin:/home/atharva/anaconda3/condabin:/opt/ros/foxy/bin:/usr/local/sbin:/usr/local/bin:/usr/sbin:/usr/bin:/sbin:/bin:/usr/games:/usr/local/games:/snap/bin'), ('SESSION_MANAGER', 'local/atharva-ROG-Strix-G513QR-G513QR:@/tmp/.ICE-unix/2344,unix/atharva-ROG-Strix-G513QR-G513QR:/tmp/.ICE-unix/2344'), ('INVOCATION_ID', '7250fff7a7f24dbca62b429b4c201bfa'), ('XDG_MENU_PREFIX', 'gnome-'), ('GNOME_TERMINAL_SCREEN', '/org/gnome/Terminal/screen/4f25310c_bdce_4109_8f48_c02051c37bea'), ('XDG_RUNTIME_DIR', '/run/user/1000'), ('DISPLAY', ':1'), ('LANG', 'en_US.UTF-8'), ('XDG_CURRENT_DESKTOP', 'ubuntu:GNOME'), ('CONDA_PREFIX_1', '/home/atharva/anaconda3'), ('XMODIFIERS', '@im=ibus'), ('XDG_SESSION_DESKTOP', 'ubuntu'), ('XAUTHORITY', '/run/user/1000/gdm/Xauthority'), ('LS_COLORS', 'rs=0:di=01;34:ln=01;36:mh=00:pi=40;33:so=01;35:do=01;35:bd=40;33;01:cd=40;33;01:or=40;31;01:mi=00:su=37;41:sg=30;43:ca=30;41:tw=30;42:ow=34;42:st=37;44:ex=01;32:*.tar=01;31:*.tgz=01;31:*.arc=01;31:*.arj=01;31:*.taz=01;31:*.lha=01;31:*.lz4=01;31:*.lzh=01;31:*.lzma=01;31:*.tlz=01;31:*.txz=01;31:*.tzo=01;31:*.t7z=01;31:*.zip=01;31:*.z=01;31:*.dz=01;31:*.gz=01;31:*.lrz=01;31:*.lz=01;31:*.lzo=01;31:*.xz=01;31:*.zst=01;31:*.tzst=01;31:*.bz2=01;31:*.bz=01;31:*.tbz=01;31:*.tbz2=01;31:*.tz=01;31:*.deb=01;31:*.rpm=01;31:*.jar=01;31:*.war=01;31:*.ear=01;31:*.sar=01;31:*.rar=01;31:*.alz=01;31:*.ace=01;31:*.zoo=01;31:*.cpio=01;31:*.7z=01;31:*.rz=01;31:*.cab=01;31:*.wim=01;31:*.swm=01;31:*.dwm=01;31:*.esd=01;31:*.jpg=01;35:*.jpeg=01;35:*.mjpg=01;35:*.mjpeg=01;35:*.gif=01;35:*.bmp=01;35:*.pbm=01;35:*.pgm=01;35:*.ppm=01;35:*.tga=01;35:*.xbm=01;35:*.xpm=01;35:*.tif=01;35:*.tiff=01;35:*.png=01;35:*.svg=01;35:*.svgz=01;35:*.mng=01;35:*.pcx=01;35:*.mov=01;35:*.mpg=01;35:*.mpeg=01;35:*.m2v=01;35:*.mkv=01;35:*.webm=01;35:*.ogm=01;35:*.mp4=01;35:*.m4v=01;35:*.mp4v=01;35:*.vob=01;35:*.qt=01;35:*.nuv=01;35:*.wmv=01;35:*.asf=01;35:*.rm=01;35:*.rmvb=01;35:*.flc=01;35:*.avi=01;35:*.fli=01;35:*.flv=01;35:*.gl=01;35:*.dl=01;35:*.xcf=01;35:*.xwd=01;35:*.yuv=01;35:*.cgm=01;35:*.emf=01;35:*.ogv=01;35:*.ogx=01;35:*.aac=00;36:*.au=00;36:*.flac=00;36:*.m4a=00;36:*.mid=00;36:*.midi=00;36:*.mka=00;36:*.mp3=00;36:*.mpc=00;36:*.ogg=00;36:*.ra=00;36:*.wav=00;36:*.oga=00;36:*.opus=00;36:*.spx=00;36:*.xspf=00;36:'), ('GNOME_TERMINAL_SERVICE', ':1.217'), ('SSH_AUTH_SOCK', '/run/user/1000/keyring/ssh'), ('AMENT_PREFIX_PATH', '/home/atharva/Atharva/NCSU/SFRT/SoftwareForRoboticsProject/jackal_ws/install/zed_ros2:/home/atharva/Atharva/NCSU/SFRT/SoftwareForRoboticsProject/jackal_ws/install/zed_wrapper:/home/atharva/Atharva/NCSU/SFRT/SoftwareForRoboticsProject/jackal_ws/install/zed_components:/home/atharva/Atharva/NCSU/SFRT/SoftwareForRoboticsProject/jackal_ws/install/zed_interfaces:/home/atharva/Atharva/NCSU/SFRT/SoftwareForRoboticsProject/jackal_ws/install/jackal_desktop:/home/atharva/Atharva/NCSU/SFRT/SoftwareForRoboticsProject/jackal_ws/install/jackal_viz:/home/atharva/Atharva/NCSU/SFRT/SoftwareForRoboticsProject/jackal_ws/install/jackal_simulator:/home/atharva/Atharva/NCSU/SFRT/SoftwareForRoboticsProject/jackal_ws/install/jackal_navigation:/home/atharva/Atharva/NCSU/SFRT/SoftwareForRoboticsProject/jackal_ws/install/jackal_msgs:/home/atharva/Atharva/NCSU/SFRT/SoftwareForRoboticsProject/jackal_ws/install/jackal_gazebo:/home/atharva/Atharva/NCSU/SFRT/SoftwareForRoboticsProject/jackal_ws/install/jackal_control:/home/atharva/Atharva/NCSU/SFRT/SoftwareForRoboticsProject/jackal_ws/install/jackal_description:/home/atharva/Atharva/NCSU/SFRT/SoftwareForRoboticsProject/jackal_ws/install/dwb_msgs:/opt/ros/foxy'), ('CONDA_PYTHON_EXE', '/home/atharva/anaconda3/bin/python'), ('SHELL', '/bin/bash'), ('QT_ACCESSIBILITY', '1'), ('GDMSESSION', 'ubuntu'), ('LESSCLOSE', '/usr/bin/lesspipe %s %s'), ('CONDA_DEFAULT_ENV', 'rosEnvClone'), ('GPG_AGENT_INFO', '/run/user/1000/gnupg/S.gpg-agent:0:1'), ('QT_IM_MODULE', 'ibus'), ('PWD', '/home/atharva/Atharva/NCSU/SFRT/SoftwareForRoboticsProject/slam_ws/build/slam_toolbox'), ('XDG_CONFIG_DIRS', '/etc/xdg/xdg-ubuntu:/etc/xdg'), ('CONDA_EXE', '/home/atharva/anaconda3/bin/conda'), ('DBUS_STARTER_ADDRESS', 'unix:path=/run/user/1000/bus,guid=643b27bca6a24069981518d06439df4c'), ('XDG_DATA_DIRS', '/usr/share/ubuntu:/usr/local/share/:/usr/share/:/var/lib/snapd/desktop'), ('PYTHONPATH', '/home/atharva/Atharva/NCSU/SFRT/SoftwareForRoboticsProject/jackal_ws/install/zed_interfaces/lib/python3.8/site-packages:/home/atharva/Atharva/NCSU/SFRT/SoftwareForRoboticsProject/jackal_ws/install/jackal_msgs/lib/python3.9/site-packages:/home/atharva/Atharva/NCSU/SFRT/SoftwareForRoboticsProject/jackal_ws/install/jackal_gazebo/lib/python3.8/site-packages:/home/atharva/Atharva/NCSU/SFRT/SoftwareForRoboticsProject/jackal_ws/install/dwb_msgs/lib/python3.9/site-packages:/opt/ros/foxy/lib/python3.8/site-packages'), ('CONDA_PREFIX', '/home/atharva/anaconda3/envs/rosEnvClone'), ('COLCON', '1'), ('VTE_VERSION', '6003'), ('CMAKE_PREFIX_PATH', '/home/atharva/Atharva/NCSU/SFRT/SoftwareForRoboticsProject/jackal_ws/install/zed_ros2:/home/atharva/Atharva/NCSU/SFRT/SoftwareForRoboticsProject/jackal_ws/install/zed_wrapper:/home/atharva/Atharva/NCSU/SFRT/SoftwareForRoboticsProject/jackal_ws/install/zed_components:/home/atharva/Atharva/NCSU/SFRT/SoftwareForRoboticsProject/jackal_ws/install/zed_interfaces:/home/atharva/Atharva/NCSU/SFRT/SoftwareForRoboticsProject/jackal_ws/install/jackal_desktop:/home/atharva/Atharva/NCSU/SFRT/SoftwareForRoboticsProject/jackal_ws/install/jackal_viz:/home/atharva/Atharva/NCSU/SFRT/SoftwareForRoboticsProject/jackal_ws/install/jackal_simulator:/home/atharva/Atharva/NCSU/SFRT/SoftwareForRoboticsProject/jackal_ws/install/jackal_navigation:/home/atharva/Atharva/NCSU/SFRT/SoftwareForRoboticsProject/jackal_ws/install/jackal_msgs:/home/atharva/Atharva/NCSU/SFRT/SoftwareForRoboticsProject/jackal_ws/install/jackal_gazebo:/home/atharva/Atharva/NCSU/SFRT/SoftwareForRoboticsProject/jackal_ws/install/jackal_control:/home/atharva/Atharva/NCSU/SFRT/SoftwareForRoboticsProject/jackal_ws/install/jackal_description:/home/atharva/Atharva/NCSU/SFRT/SoftwareForRoboticsProject/jackal_ws/install/dwb_msgs:/opt/ros/foxy')]), 'shell': False}
[0.026129] (slam_toolbox) StdoutLine: {'line': b'-- Found ament_cmake: 0.9.11 (/opt/ros/foxy/share/ament_cmake/cmake)\n'}
[0.047170] (slam_toolbox) StdoutLine: {'line': b'-- Found PythonInterp: /home/atharva/anaconda3/envs/rosEnvClone/bin/python3 (found suitable version "3.8.13", minimum required is "3") \n'}
[0.047341] (slam_toolbox) StdoutLine: {'line': b'-- Using PYTHON_EXECUTABLE: /home/atharva/anaconda3/envs/rosEnvClone/bin/python3\n'}
[0.099678] (-) TimerEvent: {}
[0.171099] (slam_toolbox) StdoutLine: {'line': b'-- Found message_filters: 3.2.5 (/opt/ros/foxy/share/message_filters/cmake)\n'}
[0.173324] (slam_toolbox) StdoutLine: {'line': b'-- Found nav_msgs: 2.0.5 (/opt/ros/foxy/share/nav_msgs/cmake)\n'}
[0.189318] (slam_toolbox) StdoutLine: {'line': b'-- Using all available rosidl_typesupport_c: rosidl_typesupport_fastrtps_c;rosidl_typesupport_introspection_c\n'}
[0.191448] (slam_toolbox) StdoutLine: {'line': b'-- Found rosidl_adapter: 1.3.0 (/opt/ros/foxy/share/rosidl_adapter/cmake)\n'}
[0.199770] (-) TimerEvent: {}
[0.286036] (slam_toolbox) StdoutLine: {'line': b'-- Using all available rosidl_typesupport_cpp: rosidl_typesupport_fastrtps_cpp;rosidl_typesupport_introspection_cpp\n'}
[0.299897] (-) TimerEvent: {}
[0.400230] (-) TimerEvent: {}
[0.408917] (slam_toolbox) StdoutLine: {'line': b'-- Found rclcpp: 2.4.2 (/opt/ros/foxy/share/rclcpp/cmake)\n'}
[0.434059] (slam_toolbox) StdoutLine: {'line': b'-- Found rmw_implementation_cmake: 1.0.4 (/opt/ros/foxy/share/rmw_implementation_cmake/cmake)\n'}
[0.435309] (slam_toolbox) StdoutLine: {'line': b"-- Using RMW implementation 'rmw_fastrtps_cpp' as default\n"}
[0.500335] (-) TimerEvent: {}
[0.533838] (slam_toolbox) StdoutLine: {'line': b'-- Found sensor_msgs: 2.0.5 (/opt/ros/foxy/share/sensor_msgs/cmake)\n'}
[0.584941] (slam_toolbox) StdoutLine: {'line': b'-- Found tf2: 0.13.14 (/opt/ros/foxy/share/tf2/cmake)\n'}
[0.592340] (slam_toolbox) StdoutLine: {'line': b'-- Found tf2_ros: 0.13.14 (/opt/ros/foxy/share/tf2_ros/cmake)\n'}
[0.600421] (-) TimerEvent: {}
[0.700662] (-) TimerEvent: {}
[0.800927] (-) TimerEvent: {}
[0.824956] (slam_toolbox) StdoutLine: {'line': b'-- Found visualization_msgs: 2.0.5 (/opt/ros/foxy/share/visualization_msgs/cmake)\n'}
[0.877784] (slam_toolbox) StdoutLine: {'line': b'-- Found pluginlib: 2.5.4 (/opt/ros/foxy/share/pluginlib/cmake)\n'}
[0.891146] (slam_toolbox) StdoutLine: {'line': b'-- Found tf2_geometry_msgs: 0.13.14 (/opt/ros/foxy/share/tf2_geometry_msgs/cmake)\n'}
[0.895238] (slam_toolbox) StdoutLine: {'line': b'-- Found eigen3_cmake_module: 0.1.1 (/opt/ros/foxy/share/eigen3_cmake_module/cmake)\n'}
[0.901012] (-) TimerEvent: {}
[0.913041] (slam_toolbox) StdoutLine: {'line': b'-- Found tf2_sensor_msgs: 0.13.14 (/opt/ros/foxy/share/tf2_sensor_msgs/cmake)\n'}
[0.924529] (slam_toolbox) StdoutLine: {'line': b'-- Found std_srvs: 2.0.5 (/opt/ros/foxy/share/std_srvs/cmake)\n'}
[0.930813] (slam_toolbox) StdoutLine: {'line': b'-- Found rosidl_default_generators: 1.0.1 (/opt/ros/foxy/share/rosidl_default_generators/cmake)\n'}
[0.937808] (slam_toolbox) StdoutLine: {'line': b'-- Found nav2_map_server: 0.4.7 (/opt/ros/foxy/share/nav2_map_server/cmake)\n'}
[0.938783] (slam_toolbox) StdoutLine: {'line': b'-- Found rviz_common: 8.2.8 (/opt/ros/foxy/share/rviz_common/cmake)\n'}
[0.946495] (slam_toolbox) StdoutLine: {'line': b"-- Setting OGRE_DIR to: '/opt/ros/foxy/share/rviz_ogre_vendor/cmake/../../../opt/rviz_ogre_vendor/lib/OGRE/cmake'\n"}
[0.948071] (slam_toolbox) StdoutLine: {'line': b'-- Found OGRE\n'}
[0.948241] (slam_toolbox) StdoutLine: {'line': b'--   static     : OFF\n'}
[0.948339] (slam_toolbox) StdoutLine: {'line': b'--   components : HLMS;MeshLodGenerator;Overlay;Paging;Property;RTShaderSystem;Terrain;Volume\n'}
[0.948449] (slam_toolbox) StdoutLine: {'line': b'--   plugins    : Plugin_BSPSceneManager;Plugin_OctreeSceneManager;Plugin_PCZSceneManager;Plugin_ParticleFX;RenderSystem_GL;RenderSystem_GL3Plus;Codec_STBI\n'}
[0.948544] (slam_toolbox) StdoutLine: {'line': b'--   media      : /opt/ros/foxy/opt/rviz_ogre_vendor/share/OGRE/Media\n'}
[0.948604] (slam_toolbox) StdoutLine: {'line': b'-- OGRE_LIBRARIES: OgreHLMS;OgreMeshLodGenerator;OgreOverlay;OgrePaging;OgreProperty;OgreRTShaderSystem;OgreTerrain;OgreVolume;OgreMain\n'}
[0.948659] (slam_toolbox) StdoutLine: {'line': b'-- OGRE_LIBRARY_DIRS: /opt/ros/foxy/opt/rviz_ogre_vendor/lib\n'}
[0.948712] (slam_toolbox) StdoutLine: {'line': b'-- OGRE_PLUGINS: Plugin_BSPSceneManager;Plugin_OctreeSceneManager;Plugin_PCZSceneManager;Plugin_ParticleFX;RenderSystem_GL;RenderSystem_GL3Plus;Codec_STBI\n'}
[0.948766] (slam_toolbox) StdoutLine: {'line': b'-- OGRE_PLUGIN_DIR: /opt/ros/foxy/opt/rviz_ogre_vendor/lib/OGRE\n'}
[0.948820] (slam_toolbox) StdoutLine: {'line': b'-- rviz_ogre_vendor::OgreOverlay for IMPORTED_LOCATION_RELEASE: /opt/ros/foxy/opt/rviz_ogre_vendor/lib/libOgreOverlay.so\n'}
[0.948871] (slam_toolbox) StdoutLine: {'line': b'-- rviz_ogre_vendor::OgreOverlay for IMPORTED_LOCATION_DEBUG: /opt/ros/foxy/opt/rviz_ogre_vendor/lib/libOgreOverlay.so\n'}
[0.948923] (slam_toolbox) StdoutLine: {'line': b'-- rviz_ogre_vendor::OgreMain for IMPORTED_LOCATION_RELEASE: /opt/ros/foxy/opt/rviz_ogre_vendor/lib/libOgreMain.so\n'}
[0.948973] (slam_toolbox) StdoutLine: {'line': b'-- rviz_ogre_vendor::OgreMain for IMPORTED_LOCATION_DEBUG: /opt/ros/foxy/opt/rviz_ogre_vendor/lib/libOgreMain.so\n'}
[0.978773] (slam_toolbox) StdoutLine: {'line': b'-- rviz_ogre_vendor::RenderSystem_GL for IMPORTED_LOCATION_RELEASE: _render_system_gl_static_library_abs-NOTFOUND\n'}
[0.978951] (slam_toolbox) StdoutLine: {'line': b'-- rviz_ogre_vendor::RenderSystem_GL for IMPORTED_LOCATION_DEBUG: _render_system_gl_static_library_abs-NOTFOUND\n'}
[0.980251] (slam_toolbox) StdoutLine: {'line': b'-- library: libassimp.so.5\n'}
[0.999442] (slam_toolbox) StdoutLine: {'line': b'-- library: /usr/lib/x86_64-linux-gnu/libcurl.so\n'}
[1.001094] (-) TimerEvent: {}
[1.049984] (slam_toolbox) StdoutLine: {'line': b"-- Setting yaml-cpp_DIR to: '/opt/ros/foxy/share/yaml_cpp_vendor/cmake/../../../opt/yaml_cpp_vendor/lib/cmake/yaml-cpp'\n"}
[1.051835] (slam_toolbox) StdoutLine: {'line': b'-- Found rviz_default_plugins: 8.2.8 (/opt/ros/foxy/share/rviz_default_plugins/cmake)\n'}
[1.101206] (-) TimerEvent: {}
[1.201488] (-) TimerEvent: {}
[1.301773] (-) TimerEvent: {}
[1.402069] (-) TimerEvent: {}
[1.403657] (slam_toolbox) StdoutLine: {'line': b'-- A library with LAPACK API found.\n'}
[1.404636] (slam_toolbox) StdoutLine: {'line': b'-- Found installed version of Eigen: /usr/lib/cmake/eigen3\n'}
[1.405686] (slam_toolbox) StdoutLine: {'line': b'-- Found required Ceres dependency: Eigen version 3.3.7 in /usr/include/eigen3\n'}
[1.406794] (slam_toolbox) StdoutLine: {'line': b'-- Found required Ceres dependency: glog\n'}
[1.408292] (slam_toolbox) StdoutLine: {'line': b'-- Found installed version of gflags: /usr/lib/x86_64-linux-gnu/cmake/gflags\n'}
[1.408443] (slam_toolbox) StdoutLine: {'line': b'-- Detected gflags version: 2.2.2\n'}
[1.408973] (slam_toolbox) StdoutLine: {'line': b'-- Found required Ceres dependency: gflags\n'}
[1.409363] (slam_toolbox) StdoutLine: {'line': b'-- Found Ceres version: 1.14.0 installed in: /usr with components: [EigenSparse, SparseLinearAlgebraLibrary, LAPACK, SuiteSparse, CXSparse, SchurSpecializations, OpenMP, Multithreading]\n'}
[1.446790] (slam_toolbox) StdoutLine: {'line': b'-- Found PythonInterp: /home/atharva/anaconda3/envs/rosEnvClone/bin/python3 (found version "3.8.13") \n'}
[1.481652] (slam_toolbox) StderrLine: {'line': b'CMake Error at /opt/ros/foxy/share/rosidl_adapter/cmake/rosidl_adapt_interfaces.cmake:60 (message):\n'}
[1.481847] (slam_toolbox) StderrLine: {'line': b'  execute_process(/home/atharva/anaconda3/envs/rosEnvClone/bin/python3 -m\n'}
[1.481933] (slam_toolbox) StderrLine: {'line': b'  rosidl_adapter --package-name slam_toolbox --arguments-file\n'}
[1.481996] (slam_toolbox) StderrLine: {'line': b'  /home/atharva/Atharva/NCSU/SFRT/SoftwareForRoboticsProject/slam_ws/build/slam_toolbox/rosidl_adapter__arguments__slam_toolbox.json\n'}
[1.482057] (slam_toolbox) StderrLine: {'line': b'  --output-dir\n'}
[1.482116] (slam_toolbox) StderrLine: {'line': b'  /home/atharva/Atharva/NCSU/SFRT/SoftwareForRoboticsProject/slam_ws/build/slam_toolbox/rosidl_adapter/slam_toolbox\n'}
[1.482169] (slam_toolbox) StderrLine: {'line': b'  --output-file\n'}
[1.482220] (slam_toolbox) StderrLine: {'line': b'  /home/atharva/Atharva/NCSU/SFRT/SoftwareForRoboticsProject/slam_ws/build/slam_toolbox/rosidl_adapter/slam_toolbox.idls)\n'}
[1.482270] (slam_toolbox) StderrLine: {'line': b'  returned error code 1:\n'}
[1.482322] (slam_toolbox) StderrLine: {'line': b'\n'}
[1.482370] (slam_toolbox) StderrLine: {'line': b"  AttributeError processing template 'srv.idl.em'\n"}
[1.482418] (slam_toolbox) StderrLine: {'line': b'\n'}
[1.482469] (slam_toolbox) StderrLine: {'line': b'  Traceback (most recent call last):\n'}
[1.482518] (slam_toolbox) StderrLine: {'line': b'\n'}
[1.482566] (slam_toolbox) StderrLine: {'line': b'    File "/opt/ros/foxy/lib/python3.8/site-packages/rosidl_adapter/resource/__init__.py", line 48, in evaluate_template\n'}
[1.482615] (slam_toolbox) StderrLine: {'line': b'      _interpreter = em.Interpreter(\n'}
[1.482664] (slam_toolbox) StderrLine: {'line': b'\n'}
[1.482723] (slam_toolbox) StderrLine: {'line': b"  AttributeError: module 'em' has no attribute 'Interpreter'\n"}
[1.482772] (slam_toolbox) StderrLine: {'line': b'\n'}
[1.482819] (slam_toolbox) StderrLine: {'line': b'  \n'}
[1.482869] (slam_toolbox) StderrLine: {'line': b'\n'}
[1.482918] (slam_toolbox) StderrLine: {'line': b'  During handling of the above exception, another exception occurred:\n'}
[1.482966] (slam_toolbox) StderrLine: {'line': b'\n'}
[1.483015] (slam_toolbox) StderrLine: {'line': b'  \n'}
[1.483061] (slam_toolbox) StderrLine: {'line': b'\n'}
[1.483107] (slam_toolbox) StderrLine: {'line': b'  Traceback (most recent call last):\n'}
[1.483156] (slam_toolbox) StderrLine: {'line': b'\n'}
[1.483203] (slam_toolbox) StderrLine: {'line': b'    File "/home/atharva/anaconda3/envs/rosEnvClone/lib/python3.8/runpy.py", line 194, in _run_module_as_main\n'}
[1.483251] (slam_toolbox) StderrLine: {'line': b'      return _run_code(code, main_globals, None,\n'}
[1.483298] (slam_toolbox) StderrLine: {'line': b'    File "/home/atharva/anaconda3/envs/rosEnvClone/lib/python3.8/runpy.py", line 87, in _run_code\n'}
[1.483357] (slam_toolbox) StderrLine: {'line': b'      exec(code, run_globals)\n'}
[1.483405] (slam_toolbox) StderrLine: {'line': b'    File "/opt/ros/foxy/lib/python3.8/site-packages/rosidl_adapter/__main__.py", line 19, in <module>\n'}
[1.483452] (slam_toolbox) StderrLine: {'line': b'      sys.exit(main())\n'}
[1.483512] (slam_toolbox) StderrLine: {'line': b'    File "/opt/ros/foxy/lib/python3.8/site-packages/rosidl_adapter/main.py", line 53, in main\n'}
[1.483560] (slam_toolbox) StderrLine: {'line': b'      abs_idl_file = convert_to_idl(\n'}
[1.483607] (slam_toolbox) StderrLine: {'line': b'    File "/opt/ros/foxy/lib/python3.8/site-packages/rosidl_adapter/__init__.py", line 24, in convert_to_idl\n'}
[1.483654] (slam_toolbox) StderrLine: {'line': b'      return convert_srv_to_idl(\n'}
[1.483701] (slam_toolbox) StderrLine: {'line': b'    File "/opt/ros/foxy/lib/python3.8/site-packages/rosidl_adapter/srv/__init__.py", line 39, in convert_srv_to_idl\n'}
[1.483748] (slam_toolbox) StderrLine: {'line': b"      expand_template('srv.idl.em', data, output_file, encoding='iso-8859-1')\n"}
[1.483795] (slam_toolbox) StderrLine: {'line': b'    File "/opt/ros/foxy/lib/python3.8/site-packages/rosidl_adapter/resource/__init__.py", line 23, in expand_template\n'}
[1.483842] (slam_toolbox) StderrLine: {'line': b'      content = evaluate_template(template_name, data)\n'}
[1.483889] (slam_toolbox) StderrLine: {'line': b'    File "/opt/ros/foxy/lib/python3.8/site-packages/rosidl_adapter/resource/__init__.py", line 69, in evaluate_template\n'}
[1.483943] (slam_toolbox) StderrLine: {'line': b'      _interpreter.shutdown()\n'}
[1.484024] (slam_toolbox) StderrLine: {'line': b'\n'}
[1.484074] (slam_toolbox) StderrLine: {'line': b"  AttributeError: 'NoneType' object has no attribute 'shutdown'\n"}
[1.484122] (slam_toolbox) StderrLine: {'line': b'\n'}
[1.484167] (slam_toolbox) StderrLine: {'line': b'Call Stack (most recent call first):\n'}
[1.484215] (slam_toolbox) StderrLine: {'line': b'  /opt/ros/foxy/share/rosidl_cmake/cmake/rosidl_generate_interfaces.cmake:130 (rosidl_adapt_interfaces)\n'}
[1.484263] (slam_toolbox) StderrLine: {'line': b'  CMakeLists.txt:96 (rosidl_generate_interfaces)\n'}
[1.484314] (slam_toolbox) StderrLine: {'line': b'\n'}
[1.484360] (slam_toolbox) StderrLine: {'line': b'\n'}
[1.484610] (slam_toolbox) StdoutLine: {'line': b'-- Configuring incomplete, errors occurred!\n'}
[1.484687] (slam_toolbox) StdoutLine: {'line': b'See also "/home/atharva/Atharva/NCSU/SFRT/SoftwareForRoboticsProject/slam_ws/build/slam_toolbox/CMakeFiles/CMakeOutput.log".\n'}
[1.484776] (slam_toolbox) StdoutLine: {'line': b'See also "/home/atharva/Atharva/NCSU/SFRT/SoftwareForRoboticsProject/slam_ws/build/slam_toolbox/CMakeFiles/CMakeError.log".\n'}
[1.498149] (slam_toolbox) CommandEnded: {'returncode': 1}
[1.502155] (-) TimerEvent: {}
[1.519720] (slam_toolbox) JobEnded: {'identifier': 'slam_toolbox', 'rc': 1}
[1.530185] (-) EventReactorShutdown: {}
