[0.000000] (-) TimerEvent: {}
[0.001162] (slam_toolbox) JobQueued: {'identifier': 'slam_toolbox', 'dependencies': OrderedDict()}
[0.001192] (slam_toolbox) JobStarted: {'identifier': 'slam_toolbox'}
[0.010483] (slam_toolbox) JobProgress: {'identifier': 'slam_toolbox', 'progress': 'cmake'}
[0.011319] (slam_toolbox) Command: {'cmd': ['/usr/bin/cmake', '/home/atharva/Atharva/NCSU/SFRT/SoftwareForRoboticsProject/slam_ws/src/slam_toolbox', '-DCMAKE_INSTALL_PREFIX=/home/atharva/Atharva/NCSU/SFRT/SoftwareForRoboticsProject/slam_ws/install/slam_toolbox'], 'cwd': '/home/atharva/Atharva/NCSU/SFRT/SoftwareForRoboticsProject/slam_ws/build/slam_toolbox', 'env': OrderedDict([('LESSOPEN', '| /usr/bin/lesspipe %s'), ('CONDA_PROMPT_MODIFIER', '(base)'), ('USER', 'atharva'), ('SSH_AGENT_PID', '2270'), ('XDG_SESSION_TYPE', 'x11'), ('SHLVL', '1'), ('LD_LIBRARY_PATH', '/home/atharva/Atharva/NCSU/SFRT/SoftwareForRoboticsProject/jackal_ws/install/zed_components/lib:/home/atharva/Atharva/NCSU/SFRT/SoftwareForRoboticsProject/jackal_ws/install/zed_interfaces/lib:/home/atharva/Atharva/NCSU/SFRT/SoftwareForRoboticsProject/jackal_ws/install/jackal_msgs/lib:/home/atharva/Atharva/NCSU/SFRT/SoftwareForRoboticsProject/jackal_ws/install/dwb_msgs/lib:/usr/lib/x86_64-linux-gnu/gazebo-11/plugins:/opt/ros/foxy/opt/yaml_cpp_vendor/lib:/opt/ros/foxy/opt/rviz_ogre_vendor/lib:/opt/ros/foxy/lib/x86_64-linux-gnu:/opt/ros/foxy/lib'), ('HOME', '/home/atharva'), ('CONDA_SHLVL', '1'), ('DESKTOP_SESSION', 'ubuntu'), ('ROS_PYTHON_VERSION', '3'), ('GNOME_SHELL_SESSION_MODE', 'ubuntu'), ('GTK_MODULES', 'gail:atk-bridge'), ('MANAGERPID', '2024'), ('DBUS_STARTER_BUS_TYPE', 'session'), ('DBUS_SESSION_BUS_ADDRESS', 'unix:path=/run/user/1000/bus,guid=643b27bca6a24069981518d06439df4c'), ('COLORTERM', 'truecolor'), ('_CE_M', ''), ('IM_CONFIG_PHASE', '1'), ('COLCON_PREFIX_PATH', '/home/atharva/Atharva/NCSU/SFRT/SoftwareForRoboticsProject/slam_ws/install:/home/atharva/Atharva/NCSU/SFRT/SoftwareForRoboticsProject/jackal_ws/install'), ('ROS_DISTRO', 'foxy'), ('LOGNAME', 'atharva'), ('JOURNAL_STREAM', '8:56227'), ('_', '/usr/bin/colcon'), ('ROS_VERSION', '2'), ('XDG_SESSION_CLASS', 'user'), ('USERNAME', 'atharva'), ('TERM', 'xterm-256color'), ('GNOME_DESKTOP_SESSION_ID', 'this-is-deprecated'), ('_CE_CONDA', ''), ('ROS_LOCALHOST_ONLY', '0'), ('WINDOWPATH', '2'), ('PATH', '/home/atharva/Atharva/NCSU/SFRT/SoftwareForRoboticsProject/jackal_ws/install/jackal_gazebo/bin:/home/atharva/anaconda3/bin:/home/atharva/anaconda3/condabin:/opt/ros/foxy/bin:/usr/local/sbin:/usr/local/bin:/usr/sbin:/usr/bin:/sbin:/bin:/usr/games:/usr/local/games:/snap/bin'), ('SESSION_MANAGER', 'local/atharva-ROG-Strix-G513QR-G513QR:@/tmp/.ICE-unix/2344,unix/atharva-ROG-Strix-G513QR-G513QR:/tmp/.ICE-unix/2344'), ('INVOCATION_ID', '7250fff7a7f24dbca62b429b4c201bfa'), ('XDG_MENU_PREFIX', 'gnome-'), ('GNOME_TERMINAL_SCREEN', '/org/gnome/Terminal/screen/4f25310c_bdce_4109_8f48_c02051c37bea'), ('XDG_RUNTIME_DIR', '/run/user/1000'), ('DISPLAY', ':1'), ('LANG', 'en_US.UTF-8'), ('XDG_CURRENT_DESKTOP', 'ubuntu:GNOME'), ('XMODIFIERS', '@im=ibus'), ('XDG_SESSION_DESKTOP', 'ubuntu'), ('XAUTHORITY', '/run/user/1000/gdm/Xauthority'), ('LS_COLORS', 'rs=0:di=01;34:ln=01;36:mh=00:pi=40;33:so=01;35:do=01;35:bd=40;33;01:cd=40;33;01:or=40;31;01:mi=00:su=37;41:sg=30;43:ca=30;41:tw=30;42:ow=34;42:st=37;44:ex=01;32:*.tar=01;31:*.tgz=01;31:*.arc=01;31:*.arj=01;31:*.taz=01;31:*.lha=01;31:*.lz4=01;31:*.lzh=01;31:*.lzma=01;31:*.tlz=01;31:*.txz=01;31:*.tzo=01;31:*.t7z=01;31:*.zip=01;31:*.z=01;31:*.dz=01;31:*.gz=01;31:*.lrz=01;31:*.lz=01;31:*.lzo=01;31:*.xz=01;31:*.zst=01;31:*.tzst=01;31:*.bz2=01;31:*.bz=01;31:*.tbz=01;31:*.tbz2=01;31:*.tz=01;31:*.deb=01;31:*.rpm=01;31:*.jar=01;31:*.war=01;31:*.ear=01;31:*.sar=01;31:*.rar=01;31:*.alz=01;31:*.ace=01;31:*.zoo=01;31:*.cpio=01;31:*.7z=01;31:*.rz=01;31:*.cab=01;31:*.wim=01;31:*.swm=01;31:*.dwm=01;31:*.esd=01;31:*.jpg=01;35:*.jpeg=01;35:*.mjpg=01;35:*.mjpeg=01;35:*.gif=01;35:*.bmp=01;35:*.pbm=01;35:*.pgm=01;35:*.ppm=01;35:*.tga=01;35:*.xbm=01;35:*.xpm=01;35:*.tif=01;35:*.tiff=01;35:*.png=01;35:*.svg=01;35:*.svgz=01;35:*.mng=01;35:*.pcx=01;35:*.mov=01;35:*.mpg=01;35:*.mpeg=01;35:*.m2v=01;35:*.mkv=01;35:*.webm=01;35:*.ogm=01;35:*.mp4=01;35:*.m4v=01;35:*.mp4v=01;35:*.vob=01;35:*.qt=01;35:*.nuv=01;35:*.wmv=01;35:*.asf=01;35:*.rm=01;35:*.rmvb=01;35:*.flc=01;35:*.avi=01;35:*.fli=01;35:*.flv=01;35:*.gl=01;35:*.dl=01;35:*.xcf=01;35:*.xwd=01;35:*.yuv=01;35:*.cgm=01;35:*.emf=01;35:*.ogv=01;35:*.ogx=01;35:*.aac=00;36:*.au=00;36:*.flac=00;36:*.m4a=00;36:*.mid=00;36:*.midi=00;36:*.mka=00;36:*.mp3=00;36:*.mpc=00;36:*.ogg=00;36:*.ra=00;36:*.wav=00;36:*.oga=00;36:*.opus=00;36:*.spx=00;36:*.xspf=00;36:'), ('GNOME_TERMINAL_SERVICE', ':1.217'), ('SSH_AUTH_SOCK', '/run/user/1000/keyring/ssh'), ('AMENT_PREFIX_PATH', '/home/atharva/Atharva/NCSU/SFRT/SoftwareForRoboticsProject/jackal_ws/install/zed_ros2:/home/atharva/Atharva/NCSU/SFRT/SoftwareForRoboticsProject/jackal_ws/install/zed_wrapper:/home/atharva/Atharva/NCSU/SFRT/SoftwareForRoboticsProject/jackal_ws/install/zed_components:/home/atharva/Atharva/NCSU/SFRT/SoftwareForRoboticsProject/jackal_ws/install/zed_interfaces:/home/atharva/Atharva/NCSU/SFRT/SoftwareForRoboticsProject/jackal_ws/install/jackal_desktop:/home/atharva/Atharva/NCSU/SFRT/SoftwareForRoboticsProject/jackal_ws/install/jackal_viz:/home/atharva/Atharva/NCSU/SFRT/SoftwareForRoboticsProject/jackal_ws/install/jackal_simulator:/home/atharva/Atharva/NCSU/SFRT/SoftwareForRoboticsProject/jackal_ws/install/jackal_navigation:/home/atharva/Atharva/NCSU/SFRT/SoftwareForRoboticsProject/jackal_ws/install/jackal_msgs:/home/atharva/Atharva/NCSU/SFRT/SoftwareForRoboticsProject/jackal_ws/install/jackal_gazebo:/home/atharva/Atharva/NCSU/SFRT/SoftwareForRoboticsProject/jackal_ws/install/jackal_control:/home/atharva/Atharva/NCSU/SFRT/SoftwareForRoboticsProject/jackal_ws/install/jackal_description:/home/atharva/Atharva/NCSU/SFRT/SoftwareForRoboticsProject/jackal_ws/install/dwb_msgs:/opt/ros/foxy'), ('CONDA_PYTHON_EXE', '/home/atharva/anaconda3/bin/python'), ('SHELL', '/bin/bash'), ('QT_ACCESSIBILITY', '1'), ('GDMSESSION', 'ubuntu'), ('LESSCLOSE', '/usr/bin/lesspipe %s %s'), ('CONDA_DEFAULT_ENV', 'base'), ('GPG_AGENT_INFO', '/run/user/1000/gnupg/S.gpg-agent:0:1'), ('QT_IM_MODULE', 'ibus'), ('PWD', '/home/atharva/Atharva/NCSU/SFRT/SoftwareForRoboticsProject/slam_ws/build/slam_toolbox'), ('XDG_CONFIG_DIRS', '/etc/xdg/xdg-ubuntu:/etc/xdg'), ('CONDA_EXE', '/home/atharva/anaconda3/bin/conda'), ('DBUS_STARTER_ADDRESS', 'unix:path=/run/user/1000/bus,guid=643b27bca6a24069981518d06439df4c'), ('XDG_DATA_DIRS', '/usr/share/ubuntu:/usr/local/share/:/usr/share/:/var/lib/snapd/desktop'), ('PYTHONPATH', '/home/atharva/Atharva/NCSU/SFRT/SoftwareForRoboticsProject/jackal_ws/install/zed_interfaces/lib/python3.8/site-packages:/home/atharva/Atharva/NCSU/SFRT/SoftwareForRoboticsProject/jackal_ws/install/jackal_msgs/lib/python3.9/site-packages:/home/atharva/Atharva/NCSU/SFRT/SoftwareForRoboticsProject/jackal_ws/install/jackal_gazebo/lib/python3.8/site-packages:/home/atharva/Atharva/NCSU/SFRT/SoftwareForRoboticsProject/jackal_ws/install/dwb_msgs/lib/python3.9/site-packages:/opt/ros/foxy/lib/python3.8/site-packages'), ('CONDA_PREFIX', '/home/atharva/anaconda3'), ('COLCON', '1'), ('VTE_VERSION', '6003'), ('CMAKE_PREFIX_PATH', '/home/atharva/Atharva/NCSU/SFRT/SoftwareForRoboticsProject/jackal_ws/install/zed_ros2:/home/atharva/Atharva/NCSU/SFRT/SoftwareForRoboticsProject/jackal_ws/install/zed_wrapper:/home/atharva/Atharva/NCSU/SFRT/SoftwareForRoboticsProject/jackal_ws/install/zed_components:/home/atharva/Atharva/NCSU/SFRT/SoftwareForRoboticsProject/jackal_ws/install/zed_interfaces:/home/atharva/Atharva/NCSU/SFRT/SoftwareForRoboticsProject/jackal_ws/install/jackal_desktop:/home/atharva/Atharva/NCSU/SFRT/SoftwareForRoboticsProject/jackal_ws/install/jackal_viz:/home/atharva/Atharva/NCSU/SFRT/SoftwareForRoboticsProject/jackal_ws/install/jackal_simulator:/home/atharva/Atharva/NCSU/SFRT/SoftwareForRoboticsProject/jackal_ws/install/jackal_navigation:/home/atharva/Atharva/NCSU/SFRT/SoftwareForRoboticsProject/jackal_ws/install/jackal_msgs:/home/atharva/Atharva/NCSU/SFRT/SoftwareForRoboticsProject/jackal_ws/install/jackal_gazebo:/home/atharva/Atharva/NCSU/SFRT/SoftwareForRoboticsProject/jackal_ws/install/jackal_control:/home/atharva/Atharva/NCSU/SFRT/SoftwareForRoboticsProject/jackal_ws/install/jackal_description:/home/atharva/Atharva/NCSU/SFRT/SoftwareForRoboticsProject/jackal_ws/install/dwb_msgs:/opt/ros/foxy')]), 'shell': False}
[0.025089] (slam_toolbox) StdoutLine: {'line': b'-- Found ament_cmake: 0.9.11 (/opt/ros/foxy/share/ament_cmake/cmake)\n'}
[0.046738] (slam_toolbox) StdoutLine: {'line': b'-- Found PythonInterp: /home/atharva/anaconda3/envs/rosEnvClone/bin/python3 (found suitable version "3.8.13", minimum required is "3") \n'}
[0.046921] (slam_toolbox) StdoutLine: {'line': b'-- Using PYTHON_EXECUTABLE: /home/atharva/anaconda3/envs/rosEnvClone/bin/python3\n'}
[0.099801] (-) TimerEvent: {}
[0.165312] (slam_toolbox) StdoutLine: {'line': b'-- Found message_filters: 3.2.5 (/opt/ros/foxy/share/message_filters/cmake)\n'}
[0.167472] (slam_toolbox) StdoutLine: {'line': b'-- Found nav_msgs: 2.0.5 (/opt/ros/foxy/share/nav_msgs/cmake)\n'}
[0.182634] (slam_toolbox) StdoutLine: {'line': b'-- Using all available rosidl_typesupport_c: rosidl_typesupport_fastrtps_c;rosidl_typesupport_introspection_c\n'}
[0.184820] (slam_toolbox) StdoutLine: {'line': b'-- Found rosidl_adapter: 1.3.0 (/opt/ros/foxy/share/rosidl_adapter/cmake)\n'}
[0.199908] (-) TimerEvent: {}
[0.277555] (slam_toolbox) StdoutLine: {'line': b'-- Using all available rosidl_typesupport_cpp: rosidl_typesupport_fastrtps_cpp;rosidl_typesupport_introspection_cpp\n'}
[0.300011] (-) TimerEvent: {}
[0.394078] (slam_toolbox) StdoutLine: {'line': b'-- Found rclcpp: 2.4.2 (/opt/ros/foxy/share/rclcpp/cmake)\n'}
[0.400090] (-) TimerEvent: {}
[0.419522] (slam_toolbox) StdoutLine: {'line': b'-- Found rmw_implementation_cmake: 1.0.4 (/opt/ros/foxy/share/rmw_implementation_cmake/cmake)\n'}
[0.420830] (slam_toolbox) StdoutLine: {'line': b"-- Using RMW implementation 'rmw_fastrtps_cpp' as default\n"}
[0.500195] (-) TimerEvent: {}
[0.515982] (slam_toolbox) StdoutLine: {'line': b'-- Found sensor_msgs: 2.0.5 (/opt/ros/foxy/share/sensor_msgs/cmake)\n'}
[0.567162] (slam_toolbox) StdoutLine: {'line': b'-- Found tf2: 0.13.14 (/opt/ros/foxy/share/tf2/cmake)\n'}
[0.574083] (slam_toolbox) StdoutLine: {'line': b'-- Found tf2_ros: 0.13.14 (/opt/ros/foxy/share/tf2_ros/cmake)\n'}
[0.600303] (-) TimerEvent: {}
[0.700632] (-) TimerEvent: {}
[0.800898] (-) TimerEvent: {}
[0.805122] (slam_toolbox) StdoutLine: {'line': b'-- Found visualization_msgs: 2.0.5 (/opt/ros/foxy/share/visualization_msgs/cmake)\n'}
[0.858751] (slam_toolbox) StdoutLine: {'line': b'-- Found pluginlib: 2.5.4 (/opt/ros/foxy/share/pluginlib/cmake)\n'}
[0.873743] (slam_toolbox) StdoutLine: {'line': b'-- Found tf2_geometry_msgs: 0.13.14 (/opt/ros/foxy/share/tf2_geometry_msgs/cmake)\n'}
[0.878160] (slam_toolbox) StdoutLine: {'line': b'-- Found eigen3_cmake_module: 0.1.1 (/opt/ros/foxy/share/eigen3_cmake_module/cmake)\n'}
[0.897187] (slam_toolbox) StdoutLine: {'line': b'-- Found tf2_sensor_msgs: 0.13.14 (/opt/ros/foxy/share/tf2_sensor_msgs/cmake)\n'}
[0.900976] (-) TimerEvent: {}
[0.908328] (slam_toolbox) StdoutLine: {'line': b'-- Found std_srvs: 2.0.5 (/opt/ros/foxy/share/std_srvs/cmake)\n'}
[0.914544] (slam_toolbox) StdoutLine: {'line': b'-- Found rosidl_default_generators: 1.0.1 (/opt/ros/foxy/share/rosidl_default_generators/cmake)\n'}
[0.921552] (slam_toolbox) StdoutLine: {'line': b'-- Found nav2_map_server: 0.4.7 (/opt/ros/foxy/share/nav2_map_server/cmake)\n'}
[0.922506] (slam_toolbox) StdoutLine: {'line': b'-- Found rviz_common: 8.2.8 (/opt/ros/foxy/share/rviz_common/cmake)\n'}
[0.931033] (slam_toolbox) StdoutLine: {'line': b"-- Setting OGRE_DIR to: '/opt/ros/foxy/share/rviz_ogre_vendor/cmake/../../../opt/rviz_ogre_vendor/lib/OGRE/cmake'\n"}
[0.932625] (slam_toolbox) StdoutLine: {'line': b'-- Found OGRE\n'}
[0.932764] (slam_toolbox) StdoutLine: {'line': b'--   static     : OFF\n'}
[0.932832] (slam_toolbox) StdoutLine: {'line': b'--   components : HLMS;MeshLodGenerator;Overlay;Paging;Property;RTShaderSystem;Terrain;Volume\n'}
[0.932949] (slam_toolbox) StdoutLine: {'line': b'--   plugins    : Plugin_BSPSceneManager;Plugin_OctreeSceneManager;Plugin_PCZSceneManager;Plugin_ParticleFX;RenderSystem_GL;RenderSystem_GL3Plus;Codec_STBI\n'}
[0.933042] (slam_toolbox) StdoutLine: {'line': b'--   media      : /opt/ros/foxy/opt/rviz_ogre_vendor/share/OGRE/Media\n'}
[0.933096] (slam_toolbox) StdoutLine: {'line': b'-- OGRE_LIBRARIES: OgreHLMS;OgreMeshLodGenerator;OgreOverlay;OgrePaging;OgreProperty;OgreRTShaderSystem;OgreTerrain;OgreVolume;OgreMain\n'}
[0.933149] (slam_toolbox) StdoutLine: {'line': b'-- OGRE_LIBRARY_DIRS: /opt/ros/foxy/opt/rviz_ogre_vendor/lib\n'}
[0.933206] (slam_toolbox) StdoutLine: {'line': b'-- OGRE_PLUGINS: Plugin_BSPSceneManager;Plugin_OctreeSceneManager;Plugin_PCZSceneManager;Plugin_ParticleFX;RenderSystem_GL;RenderSystem_GL3Plus;Codec_STBI\n'}
[0.933263] (slam_toolbox) StdoutLine: {'line': b'-- OGRE_PLUGIN_DIR: /opt/ros/foxy/opt/rviz_ogre_vendor/lib/OGRE\n'}
[0.933319] (slam_toolbox) StdoutLine: {'line': b'-- rviz_ogre_vendor::OgreOverlay for IMPORTED_LOCATION_RELEASE: /opt/ros/foxy/opt/rviz_ogre_vendor/lib/libOgreOverlay.so\n'}
[0.933381] (slam_toolbox) StdoutLine: {'line': b'-- rviz_ogre_vendor::OgreOverlay for IMPORTED_LOCATION_DEBUG: /opt/ros/foxy/opt/rviz_ogre_vendor/lib/libOgreOverlay.so\n'}
[0.933456] (slam_toolbox) StdoutLine: {'line': b'-- rviz_ogre_vendor::OgreMain for IMPORTED_LOCATION_RELEASE: /opt/ros/foxy/opt/rviz_ogre_vendor/lib/libOgreMain.so\n'}
[0.933508] (slam_toolbox) StdoutLine: {'line': b'-- rviz_ogre_vendor::OgreMain for IMPORTED_LOCATION_DEBUG: /opt/ros/foxy/opt/rviz_ogre_vendor/lib/libOgreMain.so\n'}
[0.969704] (slam_toolbox) StdoutLine: {'line': b'-- rviz_ogre_vendor::RenderSystem_GL for IMPORTED_LOCATION_RELEASE: _render_system_gl_static_library_abs-NOTFOUND\n'}
[0.969913] (slam_toolbox) StdoutLine: {'line': b'-- rviz_ogre_vendor::RenderSystem_GL for IMPORTED_LOCATION_DEBUG: _render_system_gl_static_library_abs-NOTFOUND\n'}
[0.970894] (slam_toolbox) StdoutLine: {'line': b'-- library: libassimp.so.5\n'}
[0.986235] (slam_toolbox) StdoutLine: {'line': b'-- library: /usr/lib/x86_64-linux-gnu/libcurl.so\n'}
[1.001086] (-) TimerEvent: {}
[1.040775] (slam_toolbox) StdoutLine: {'line': b"-- Setting yaml-cpp_DIR to: '/opt/ros/foxy/share/yaml_cpp_vendor/cmake/../../../opt/yaml_cpp_vendor/lib/cmake/yaml-cpp'\n"}
[1.043099] (slam_toolbox) StdoutLine: {'line': b'-- Found rviz_default_plugins: 8.2.8 (/opt/ros/foxy/share/rviz_default_plugins/cmake)\n'}
[1.101193] (-) TimerEvent: {}
[1.201473] (-) TimerEvent: {}
[1.301744] (-) TimerEvent: {}
[1.402006] (-) TimerEvent: {}
[1.402220] (slam_toolbox) StdoutLine: {'line': b'-- A library with LAPACK API found.\n'}
[1.403299] (slam_toolbox) StdoutLine: {'line': b'-- Found installed version of Eigen: /usr/lib/cmake/eigen3\n'}
[1.404041] (slam_toolbox) StdoutLine: {'line': b'-- Found required Ceres dependency: Eigen version 3.3.7 in /usr/include/eigen3\n'}
[1.404854] (slam_toolbox) StdoutLine: {'line': b'-- Found required Ceres dependency: glog\n'}
[1.406365] (slam_toolbox) StdoutLine: {'line': b'-- Found installed version of gflags: /usr/lib/x86_64-linux-gnu/cmake/gflags\n'}
[1.406467] (slam_toolbox) StdoutLine: {'line': b'-- Detected gflags version: 2.2.2\n'}
[1.407053] (slam_toolbox) StdoutLine: {'line': b'-- Found required Ceres dependency: gflags\n'}
[1.407502] (slam_toolbox) StdoutLine: {'line': b'-- Found Ceres version: 1.14.0 installed in: /usr with components: [EigenSparse, SparseLinearAlgebraLibrary, LAPACK, SuiteSparse, CXSparse, SchurSpecializations, OpenMP, Multithreading]\n'}
[1.438168] (slam_toolbox) StdoutLine: {'line': b'-- Found PythonInterp: /home/atharva/anaconda3/envs/rosEnvClone/bin/python3 (found version "3.8.13") \n'}
[1.476942] (slam_toolbox) StderrLine: {'line': b'CMake Error at /opt/ros/foxy/share/rosidl_adapter/cmake/rosidl_adapt_interfaces.cmake:60 (message):\n'}
[1.477415] (slam_toolbox) StderrLine: {'line': b'  execute_process(/home/atharva/anaconda3/envs/rosEnvClone/bin/python3 -m\n'}
[1.477555] (slam_toolbox) StderrLine: {'line': b'  rosidl_adapter --package-name slam_toolbox --arguments-file\n'}
[1.477640] (slam_toolbox) StderrLine: {'line': b'  /home/atharva/Atharva/NCSU/SFRT/SoftwareForRoboticsProject/slam_ws/build/slam_toolbox/rosidl_adapter__arguments__slam_toolbox.json\n'}
[1.477706] (slam_toolbox) StderrLine: {'line': b'  --output-dir\n'}
[1.477760] (slam_toolbox) StderrLine: {'line': b'  /home/atharva/Atharva/NCSU/SFRT/SoftwareForRoboticsProject/slam_ws/build/slam_toolbox/rosidl_adapter/slam_toolbox\n'}
[1.477812] (slam_toolbox) StderrLine: {'line': b'  --output-file\n'}
[1.477861] (slam_toolbox) StderrLine: {'line': b'  /home/atharva/Atharva/NCSU/SFRT/SoftwareForRoboticsProject/slam_ws/build/slam_toolbox/rosidl_adapter/slam_toolbox.idls)\n'}
[1.477911] (slam_toolbox) StderrLine: {'line': b'  returned error code 1:\n'}
[1.477959] (slam_toolbox) StderrLine: {'line': b'\n'}
[1.478006] (slam_toolbox) StderrLine: {'line': b"  AttributeError processing template 'srv.idl.em'\n"}
[1.478055] (slam_toolbox) StderrLine: {'line': b'\n'}
[1.478102] (slam_toolbox) StderrLine: {'line': b'  Traceback (most recent call last):\n'}
[1.478149] (slam_toolbox) StderrLine: {'line': b'\n'}
[1.478195] (slam_toolbox) StderrLine: {'line': b'    File "/opt/ros/foxy/lib/python3.8/site-packages/rosidl_adapter/resource/__init__.py", line 48, in evaluate_template\n'}
[1.478243] (slam_toolbox) StderrLine: {'line': b'      _interpreter = em.Interpreter(\n'}
[1.478288] (slam_toolbox) StderrLine: {'line': b'\n'}
[1.478336] (slam_toolbox) StderrLine: {'line': b"  AttributeError: module 'em' has no attribute 'Interpreter'\n"}
[1.478382] (slam_toolbox) StderrLine: {'line': b'\n'}
[1.478429] (slam_toolbox) StderrLine: {'line': b'  \n'}
[1.478478] (slam_toolbox) StderrLine: {'line': b'\n'}
[1.478527] (slam_toolbox) StderrLine: {'line': b'  During handling of the above exception, another exception occurred:\n'}
[1.478577] (slam_toolbox) StderrLine: {'line': b'\n'}
[1.478625] (slam_toolbox) StderrLine: {'line': b'  \n'}
[1.478673] (slam_toolbox) StderrLine: {'line': b'\n'}
[1.478720] (slam_toolbox) StderrLine: {'line': b'  Traceback (most recent call last):\n'}
[1.478768] (slam_toolbox) StderrLine: {'line': b'\n'}
[1.478815] (slam_toolbox) StderrLine: {'line': b'    File "/home/atharva/anaconda3/envs/rosEnvClone/lib/python3.8/runpy.py", line 194, in _run_module_as_main\n'}
[1.478863] (slam_toolbox) StderrLine: {'line': b'      return _run_code(code, main_globals, None,\n'}
[1.478910] (slam_toolbox) StderrLine: {'line': b'    File "/home/atharva/anaconda3/envs/rosEnvClone/lib/python3.8/runpy.py", line 87, in _run_code\n'}
[1.478957] (slam_toolbox) StderrLine: {'line': b'      exec(code, run_globals)\n'}
[1.479004] (slam_toolbox) StderrLine: {'line': b'    File "/opt/ros/foxy/lib/python3.8/site-packages/rosidl_adapter/__main__.py", line 19, in <module>\n'}
[1.479052] (slam_toolbox) StderrLine: {'line': b'      sys.exit(main())\n'}
[1.479099] (slam_toolbox) StderrLine: {'line': b'    File "/opt/ros/foxy/lib/python3.8/site-packages/rosidl_adapter/main.py", line 53, in main\n'}
[1.479147] (slam_toolbox) StderrLine: {'line': b'      abs_idl_file = convert_to_idl(\n'}
[1.479194] (slam_toolbox) StderrLine: {'line': b'    File "/opt/ros/foxy/lib/python3.8/site-packages/rosidl_adapter/__init__.py", line 24, in convert_to_idl\n'}
[1.479242] (slam_toolbox) StderrLine: {'line': b'      return convert_srv_to_idl(\n'}
[1.479289] (slam_toolbox) StderrLine: {'line': b'    File "/opt/ros/foxy/lib/python3.8/site-packages/rosidl_adapter/srv/__init__.py", line 39, in convert_srv_to_idl\n'}
[1.479339] (slam_toolbox) StderrLine: {'line': b"      expand_template('srv.idl.em', data, output_file, encoding='iso-8859-1')\n"}
[1.479386] (slam_toolbox) StderrLine: {'line': b'    File "/opt/ros/foxy/lib/python3.8/site-packages/rosidl_adapter/resource/__init__.py", line 23, in expand_template\n'}
[1.479433] (slam_toolbox) StderrLine: {'line': b'      content = evaluate_template(template_name, data)\n'}
[1.479482] (slam_toolbox) StderrLine: {'line': b'    File "/opt/ros/foxy/lib/python3.8/site-packages/rosidl_adapter/resource/__init__.py", line 69, in evaluate_template\n'}
[1.479534] (slam_toolbox) StderrLine: {'line': b'      _interpreter.shutdown()\n'}
[1.479582] (slam_toolbox) StderrLine: {'line': b'\n'}
[1.479629] (slam_toolbox) StderrLine: {'line': b"  AttributeError: 'NoneType' object has no attribute 'shutdown'\n"}
[1.479677] (slam_toolbox) StderrLine: {'line': b'\n'}
[1.479724] (slam_toolbox) StderrLine: {'line': b'Call Stack (most recent call first):\n'}
[1.479807] (slam_toolbox) StderrLine: {'line': b'  /opt/ros/foxy/share/rosidl_cmake/cmake/rosidl_generate_interfaces.cmake:130 (rosidl_adapt_interfaces)\n'}
[1.479869] (slam_toolbox) StderrLine: {'line': b'  CMakeLists.txt:96 (rosidl_generate_interfaces)\n'}
[1.479925] (slam_toolbox) StderrLine: {'line': b'\n'}
[1.479976] (slam_toolbox) StderrLine: {'line': b'\n'}
[1.480079] (slam_toolbox) StdoutLine: {'line': b'-- Configuring incomplete, errors occurred!\n'}
[1.480141] (slam_toolbox) StdoutLine: {'line': b'See also "/home/atharva/Atharva/NCSU/SFRT/SoftwareForRoboticsProject/slam_ws/build/slam_toolbox/CMakeFiles/CMakeOutput.log".\n'}
[1.480198] (slam_toolbox) StdoutLine: {'line': b'See also "/home/atharva/Atharva/NCSU/SFRT/SoftwareForRoboticsProject/slam_ws/build/slam_toolbox/CMakeFiles/CMakeError.log".\n'}
[1.491659] (slam_toolbox) CommandEnded: {'returncode': 1}
[1.502145] (-) TimerEvent: {}
[1.514684] (slam_toolbox) JobEnded: {'identifier': 'slam_toolbox', 'rc': 1}
[1.525197] (-) EventReactorShutdown: {}
