[ 20%] [34m[1mAutomatic MOC for target nav2_rviz_plugins[0m
[ 20%] Built target nav2_rviz_plugins_autogen
[ 40%] [32mBuilding CXX object CMakeFiles/nav2_rviz_plugins.dir/nav2_rviz_plugins_autogen/mocs_compilation.cpp.o[0m
In file included from [01m[K/home/atharva/Atharva/NCSU/SFRT/SoftwareForRoboticsProject/jackal_ws/build/nav2_rviz_plugins/nav2_rviz_plugins_autogen/mocs_compilation.cpp:2[m[K:
[01m[K/home/atharva/Atharva/NCSU/SFRT/SoftwareForRoboticsProject/jackal_ws/build/nav2_rviz_plugins/nav2_rviz_plugins_autogen/JQVGUX53DN/moc_goal_pose_updater.cpp:93:18:[m[K [01;31m[Kerror: [m[Kâ€˜[01m[KQMetaObject::SuperData[m[Kâ€™ has not been declared
   93 |     QMetaObject::[01;31m[KSuperData[m[K::link<QObject::staticMetaObject>(),
      |                  [01;31m[K^~~~~~~~~[m[K
[01m[K/home/atharva/Atharva/NCSU/SFRT/SoftwareForRoboticsProject/jackal_ws/build/nav2_rviz_plugins/nav2_rviz_plugins_autogen/JQVGUX53DN/moc_goal_pose_updater.cpp:93:61:[m[K [01;31m[Kerror: [m[Kexpected primary-expression before â€˜[01m[K)[m[Kâ€™ token
   93 |     QMetaObject::SuperData::link<QObject::staticMetaObject>([01;31m[K)[m[K,
      |                                                             [01;31m[K^[m[K
In file included from [01m[K/home/atharva/Atharva/NCSU/SFRT/SoftwareForRoboticsProject/jackal_ws/build/nav2_rviz_plugins/nav2_rviz_plugins_autogen/mocs_compilation.cpp:3[m[K:
[01m[K/home/atharva/Atharva/NCSU/SFRT/SoftwareForRoboticsProject/jackal_ws/build/nav2_rviz_plugins/nav2_rviz_plugins_autogen/JQVGUX53DN/moc_goal_tool.cpp:67:18:[m[K [01;31m[Kerror: [m[Kâ€˜[01m[KQMetaObject::SuperData[m[Kâ€™ has not been declared
   67 |     QMetaObject::[01;31m[KSuperData[m[K::link<rviz_default_plugins::tools::PoseTool::staticMetaObject>(),
      |                  [01;31m[K^~~~~~~~~[m[K
[01m[K/home/atharva/Atharva/NCSU/SFRT/SoftwareForRoboticsProject/jackal_ws/build/nav2_rviz_plugins/nav2_rviz_plugins_autogen/JQVGUX53DN/moc_goal_tool.cpp:67:91:[m[K [01;31m[Kerror: [m[Kexpected primary-expression before â€˜[01m[K)[m[Kâ€™ token
   67 | ink<rviz_default_plugins::tools::PoseTool::staticMetaObject>([01;31m[K)[m[K,
      |                                                              [01;31m[K^[m[K

In file included from [01m[K/home/atharva/Atharva/NCSU/SFRT/SoftwareForRoboticsProject/jackal_ws/build/nav2_rviz_plugins/nav2_rviz_plugins_autogen/mocs_compilation.cpp:4[m[K:
[01m[K/home/atharva/Atharva/NCSU/SFRT/SoftwareForRoboticsProject/jackal_ws/build/nav2_rviz_plugins/nav2_rviz_plugins_autogen/JQVGUX53DN/moc_nav2_panel.cpp:118:18:[m[K [01;31m[Kerror: [m[Kâ€˜[01m[KQMetaObject::SuperData[m[Kâ€™ has not been declared
  118 |     QMetaObject::[01;31m[KSuperData[m[K::link<rviz_common::Panel::staticMetaObject>(),
      |                  [01;31m[K^~~~~~~~~[m[K
[01m[K/home/atharva/Atharva/NCSU/SFRT/SoftwareForRoboticsProject/jackal_ws/build/nav2_rviz_plugins/nav2_rviz_plugins_autogen/JQVGUX53DN/moc_nav2_panel.cpp:118:72:[m[K [01;31m[Kerror: [m[Kexpected primary-expression before â€˜[01m[K)[m[Kâ€™ token
  118 |     QMetaObject::SuperData::link<rviz_common::Panel::staticMetaObject>([01;31m[K)[m[K,
      |                                                                        [01;31m[K^[m[K
[01m[K/home/atharva/Atharva/NCSU/SFRT/SoftwareForRoboticsProject/jackal_ws/build/nav2_rviz_plugins/nav2_rviz_plugins_autogen/JQVGUX53DN/moc_nav2_panel.cpp:256:18:[m[K [01;31m[Kerror: [m[Kâ€˜[01m[KQMetaObject::SuperData[m[Kâ€™ has not been declared
  256 |     QMetaObject::[01;31m[KSuperData[m[K::link<QThread::staticMetaObject>(),
      |                  [01;31m[K^~~~~~~~~[m[K
[01m[K/home/atharva/Atharva/NCSU/SFRT/SoftwareForRoboticsProject/jackal_ws/build/nav2_rviz_plugins/nav2_rviz_plugins_autogen/JQVGUX53DN/moc_nav2_panel.cpp:256:61:[m[K [01;31m[Kerror: [m[Kexpected primary-expression before â€˜[01m[K)[m[Kâ€™ token
  256 |     QMetaObject::SuperData::link<QThread::staticMetaObject>([01;31m[K)[m[K,
      |                                                             [01;31m[K^[m[K
make[2]: *** [CMakeFiles/nav2_rviz_plugins.dir/build.make:63: CMakeFiles/nav2_rviz_plugins.dir/nav2_rviz_plugins_autogen/mocs_compilation.cpp.o] Error 1
make[1]: *** [CMakeFiles/Makefile2:106: CMakeFiles/nav2_rviz_plugins.dir/all] Error 2
make: *** [Makefile:141: all] Error 2
