[0.039s] Invoking command in '/home/atharva/Atharva/NCSU/SFRT/SoftwareForRoboticsProject/jackal_ws/build/nav2_rviz_plugins': AMENT_PREFIX_PATH=/home/atharva/Atharva/NCSU/SFRT/SoftwareForRoboticsProject/jackal_ws/install/nav2_lifecycle_manager:/home/atharva/Atharva/NCSU/SFRT/SoftwareForRoboticsProject/jackal_ws/install/nav2_util:/home/atharva/Atharva/NCSU/SFRT/SoftwareForRoboticsProject/jackal_ws/install/nav2_msgs:/home/atharva/Atharva/NCSU/SFRT/SoftwareForRoboticsProject/jackal_ws/install/nav2_common:${AMENT_PREFIX_PATH} CMAKE_PREFIX_PATH=/home/atharva/Atharva/NCSU/SFRT/SoftwareForRoboticsProject/jackal_ws/install/nav2_lifecycle_manager:/home/atharva/Atharva/NCSU/SFRT/SoftwareForRoboticsProject/jackal_ws/install/nav2_util:/home/atharva/Atharva/NCSU/SFRT/SoftwareForRoboticsProject/jackal_ws/install/nav2_msgs:/home/atharva/Atharva/NCSU/SFRT/SoftwareForRoboticsProject/jackal_ws/install/nav2_common:/home/atharva/Atharva/NCSU/SFRT/SoftwareForRoboticsProject/jackal_ws/install/zed_ros2:/home/atharva/Atharva/NCSU/SFRT/SoftwareForRoboticsProject/jackal_ws/install/zed_wrapper:/home/atharva/Atharva/NCSU/SFRT/SoftwareForRoboticsProject/jackal_ws/install/zed_components:/home/atharva/Atharva/NCSU/SFRT/SoftwareForRoboticsProject/jackal_ws/install/zed_interfaces:/home/atharva/Atharva/NCSU/SFRT/SoftwareForRoboticsProject/jackal_ws/install/jackal_desktop:/home/atharva/Atharva/NCSU/SFRT/SoftwareForRoboticsProject/jackal_ws/install/jackal_viz:/home/atharva/Atharva/NCSU/SFRT/SoftwareForRoboticsProject/jackal_ws/install/jackal_simulator:/home/atharva/Atharva/NCSU/SFRT/SoftwareForRoboticsProject/jackal_ws/install/jackal_navigation:/home/atharva/Atharva/NCSU/SFRT/SoftwareForRoboticsProject/jackal_ws/install/jackal_msgs:/home/atharva/Atharva/NCSU/SFRT/SoftwareForRoboticsProject/jackal_ws/install/jackal_gazebo:/home/atharva/Atharva/NCSU/SFRT/SoftwareForRoboticsProject/jackal_ws/install/jackal_control:/home/atharva/Atharva/NCSU/SFRT/SoftwareForRoboticsProject/jackal_ws/install/jackal_description:/opt/ros/foxy CONDA_PROMPT_MODIFIER=(base) LD_LIBRARY_PATH=/home/atharva/Atharva/NCSU/SFRT/SoftwareForRoboticsProject/jackal_ws/install/nav2_lifecycle_manager/lib:/home/atharva/Atharva/NCSU/SFRT/SoftwareForRoboticsProject/jackal_ws/install/nav2_util/lib:/home/atharva/Atharva/NCSU/SFRT/SoftwareForRoboticsProject/jackal_ws/install/nav2_msgs/lib:${LD_LIBRARY_PATH} PYTHONPATH=/home/atharva/Atharva/NCSU/SFRT/SoftwareForRoboticsProject/jackal_ws/install/nav2_msgs/lib/python3.9/site-packages:/home/atharva/Atharva/NCSU/SFRT/SoftwareForRoboticsProject/jackal_ws/install/nav2_common/lib/python3.9/site-packages:${PYTHONPATH} /usr/bin/cmake --build /home/atharva/Atharva/NCSU/SFRT/SoftwareForRoboticsProject/jackal_ws/build/nav2_rviz_plugins -- -j16 -l16
[0.086s] [ 20%] [34m[1mAutomatic MOC for target nav2_rviz_plugins[0m
[0.098s] [ 20%] Built target nav2_rviz_plugins_autogen
[0.138s] [ 40%] [32mBuilding CXX object CMakeFiles/nav2_rviz_plugins.dir/nav2_rviz_plugins_autogen/mocs_compilation.cpp.o[0m
[0.989s] In file included from [01m[K/home/atharva/Atharva/NCSU/SFRT/SoftwareForRoboticsProject/jackal_ws/build/nav2_rviz_plugins/nav2_rviz_plugins_autogen/mocs_compilation.cpp:2[m[K:
[0.989s] [01m[K/home/atharva/Atharva/NCSU/SFRT/SoftwareForRoboticsProject/jackal_ws/build/nav2_rviz_plugins/nav2_rviz_plugins_autogen/JQVGUX53DN/moc_goal_pose_updater.cpp:93:18:[m[K [01;31m[Kerror: [m[Kâ€˜[01m[KQMetaObject::SuperData[m[Kâ€™ has not been declared
[0.990s]    93 |     QMetaObject::[01;31m[KSuperData[m[K::link<QObject::staticMetaObject>(),
[0.990s]       |                  [01;31m[K^~~~~~~~~[m[K
[0.990s] [01m[K/home/atharva/Atharva/NCSU/SFRT/SoftwareForRoboticsProject/jackal_ws/build/nav2_rviz_plugins/nav2_rviz_plugins_autogen/JQVGUX53DN/moc_goal_pose_updater.cpp:93:61:[m[K [01;31m[Kerror: [m[Kexpected primary-expression before â€˜[01m[K)[m[Kâ€™ token
[0.990s]    93 |     QMetaObject::SuperData::link<QObject::staticMetaObject>([01;31m[K)[m[K,
[0.990s]       |                                                             [01;31m[K^[m[K
[1.296s] In file included from [01m[K/home/atharva/Atharva/NCSU/SFRT/SoftwareForRoboticsProject/jackal_ws/build/nav2_rviz_plugins/nav2_rviz_plugins_autogen/mocs_compilation.cpp:3[m[K:
[1.296s] [01m[K/home/atharva/Atharva/NCSU/SFRT/SoftwareForRoboticsProject/jackal_ws/build/nav2_rviz_plugins/nav2_rviz_plugins_autogen/JQVGUX53DN/moc_goal_tool.cpp:67:18:[m[K [01;31m[Kerror: [m[Kâ€˜[01m[KQMetaObject::SuperData[m[Kâ€™ has not been declared
[1.297s]    67 |     QMetaObject::[01;31m[KSuperData[m[K::link<rviz_default_plugins::tools::PoseTool::staticMetaObject>(),
[1.297s]       |                  [01;31m[K^~~~~~~~~[m[K
[1.297s] [01m[K/home/atharva/Atharva/NCSU/SFRT/SoftwareForRoboticsProject/jackal_ws/build/nav2_rviz_plugins/nav2_rviz_plugins_autogen/JQVGUX53DN/moc_goal_tool.cpp:67:91:[m[K [01;31m[Kerror: [m[Kexpected primary-expression before â€˜[01m[K)[m[Kâ€™ token
[1.297s]    67 | ink<rviz_default_plugins::tools::PoseTool::staticMetaObject>([01;31m[K)[m[K,
[1.297s]       |                                                              [01;31m[K^[m[K
[1.297s] 
[3.235s] In file included from [01m[K/home/atharva/Atharva/NCSU/SFRT/SoftwareForRoboticsProject/jackal_ws/build/nav2_rviz_plugins/nav2_rviz_plugins_autogen/mocs_compilation.cpp:4[m[K:
[3.235s] [01m[K/home/atharva/Atharva/NCSU/SFRT/SoftwareForRoboticsProject/jackal_ws/build/nav2_rviz_plugins/nav2_rviz_plugins_autogen/JQVGUX53DN/moc_nav2_panel.cpp:118:18:[m[K [01;31m[Kerror: [m[Kâ€˜[01m[KQMetaObject::SuperData[m[Kâ€™ has not been declared
[3.236s]   118 |     QMetaObject::[01;31m[KSuperData[m[K::link<rviz_common::Panel::staticMetaObject>(),
[3.236s]       |                  [01;31m[K^~~~~~~~~[m[K
[3.236s] [01m[K/home/atharva/Atharva/NCSU/SFRT/SoftwareForRoboticsProject/jackal_ws/build/nav2_rviz_plugins/nav2_rviz_plugins_autogen/JQVGUX53DN/moc_nav2_panel.cpp:118:72:[m[K [01;31m[Kerror: [m[Kexpected primary-expression before â€˜[01m[K)[m[Kâ€™ token
[3.236s]   118 |     QMetaObject::SuperData::link<rviz_common::Panel::staticMetaObject>([01;31m[K)[m[K,
[3.236s]       |                                                                        [01;31m[K^[m[K
[3.237s] [01m[K/home/atharva/Atharva/NCSU/SFRT/SoftwareForRoboticsProject/jackal_ws/build/nav2_rviz_plugins/nav2_rviz_plugins_autogen/JQVGUX53DN/moc_nav2_panel.cpp:256:18:[m[K [01;31m[Kerror: [m[Kâ€˜[01m[KQMetaObject::SuperData[m[Kâ€™ has not been declared
[3.237s]   256 |     QMetaObject::[01;31m[KSuperData[m[K::link<QThread::staticMetaObject>(),
[3.237s]       |                  [01;31m[K^~~~~~~~~[m[K
[3.237s] [01m[K/home/atharva/Atharva/NCSU/SFRT/SoftwareForRoboticsProject/jackal_ws/build/nav2_rviz_plugins/nav2_rviz_plugins_autogen/JQVGUX53DN/moc_nav2_panel.cpp:256:61:[m[K [01;31m[Kerror: [m[Kexpected primary-expression before â€˜[01m[K)[m[Kâ€™ token
[3.237s]   256 |     QMetaObject::SuperData::link<QThread::staticMetaObject>([01;31m[K)[m[K,
[3.238s]       |                                                             [01;31m[K^[m[K
[4.415s] make[2]: *** [CMakeFiles/nav2_rviz_plugins.dir/build.make:63: CMakeFiles/nav2_rviz_plugins.dir/nav2_rviz_plugins_autogen/mocs_compilation.cpp.o] Error 1
[4.415s] make[1]: *** [CMakeFiles/Makefile2:106: CMakeFiles/nav2_rviz_plugins.dir/all] Error 2
[4.416s] make: *** [Makefile:141: all] Error 2
[4.421s] Invoked command in '/home/atharva/Atharva/NCSU/SFRT/SoftwareForRoboticsProject/jackal_ws/build/nav2_rviz_plugins' returned '2': AMENT_PREFIX_PATH=/home/atharva/Atharva/NCSU/SFRT/SoftwareForRoboticsProject/jackal_ws/install/nav2_lifecycle_manager:/home/atharva/Atharva/NCSU/SFRT/SoftwareForRoboticsProject/jackal_ws/install/nav2_util:/home/atharva/Atharva/NCSU/SFRT/SoftwareForRoboticsProject/jackal_ws/install/nav2_msgs:/home/atharva/Atharva/NCSU/SFRT/SoftwareForRoboticsProject/jackal_ws/install/nav2_common:${AMENT_PREFIX_PATH} CMAKE_PREFIX_PATH=/home/atharva/Atharva/NCSU/SFRT/SoftwareForRoboticsProject/jackal_ws/install/nav2_lifecycle_manager:/home/atharva/Atharva/NCSU/SFRT/SoftwareForRoboticsProject/jackal_ws/install/nav2_util:/home/atharva/Atharva/NCSU/SFRT/SoftwareForRoboticsProject/jackal_ws/install/nav2_msgs:/home/atharva/Atharva/NCSU/SFRT/SoftwareForRoboticsProject/jackal_ws/install/nav2_common:/home/atharva/Atharva/NCSU/SFRT/SoftwareForRoboticsProject/jackal_ws/install/zed_ros2:/home/atharva/Atharva/NCSU/SFRT/SoftwareForRoboticsProject/jackal_ws/install/zed_wrapper:/home/atharva/Atharva/NCSU/SFRT/SoftwareForRoboticsProject/jackal_ws/install/zed_components:/home/atharva/Atharva/NCSU/SFRT/SoftwareForRoboticsProject/jackal_ws/install/zed_interfaces:/home/atharva/Atharva/NCSU/SFRT/SoftwareForRoboticsProject/jackal_ws/install/jackal_desktop:/home/atharva/Atharva/NCSU/SFRT/SoftwareForRoboticsProject/jackal_ws/install/jackal_viz:/home/atharva/Atharva/NCSU/SFRT/SoftwareForRoboticsProject/jackal_ws/install/jackal_simulator:/home/atharva/Atharva/NCSU/SFRT/SoftwareForRoboticsProject/jackal_ws/install/jackal_navigation:/home/atharva/Atharva/NCSU/SFRT/SoftwareForRoboticsProject/jackal_ws/install/jackal_msgs:/home/atharva/Atharva/NCSU/SFRT/SoftwareForRoboticsProject/jackal_ws/install/jackal_gazebo:/home/atharva/Atharva/NCSU/SFRT/SoftwareForRoboticsProject/jackal_ws/install/jackal_control:/home/atharva/Atharva/NCSU/SFRT/SoftwareForRoboticsProject/jackal_ws/install/jackal_description:/opt/ros/foxy CONDA_PROMPT_MODIFIER=(base) LD_LIBRARY_PATH=/home/atharva/Atharva/NCSU/SFRT/SoftwareForRoboticsProject/jackal_ws/install/nav2_lifecycle_manager/lib:/home/atharva/Atharva/NCSU/SFRT/SoftwareForRoboticsProject/jackal_ws/install/nav2_util/lib:/home/atharva/Atharva/NCSU/SFRT/SoftwareForRoboticsProject/jackal_ws/install/nav2_msgs/lib:${LD_LIBRARY_PATH} PYTHONPATH=/home/atharva/Atharva/NCSU/SFRT/SoftwareForRoboticsProject/jackal_ws/install/nav2_msgs/lib/python3.9/site-packages:/home/atharva/Atharva/NCSU/SFRT/SoftwareForRoboticsProject/jackal_ws/install/nav2_common/lib/python3.9/site-packages:${PYTHONPATH} /usr/bin/cmake --build /home/atharva/Atharva/NCSU/SFRT/SoftwareForRoboticsProject/jackal_ws/build/nav2_rviz_plugins -- -j16 -l16
